<html>
<head>
<title>TestNG:  Test</title>
<link href="../testng.css" rel="stylesheet" type="text/css" />
<link href="../my-testng.css" rel="stylesheet" type="text/css" />

<style type="text/css">
.log { display: none;} 
.stack-trace { display: none;} 
</style>
<script type="text/javascript">
<!--
function flip(e) {
  current = e.style.display;
  if (current == 'block') {
    e.style.display = 'none';
    return 0;
  }
  else {
    e.style.display = 'block';
    return 1;
  }
}

function toggleBox(szDivId, elem, msg1, msg2)
{
  var res = -1;  if (document.getElementById) {
    res = flip(document.getElementById(szDivId));
  }
  else if (document.all) {
    // this is the way old msie versions work
    res = flip(document.all[szDivId]);
  }
  if(elem) {
    if(res == 0) elem.innerHTML = msg1; else elem.innerHTML = msg2;
  }

}

function toggleAllBoxes() {
  if (document.getElementsByTagName) {
    d = document.getElementsByTagName('div');
    for (i = 0; i < d.length; i++) {
      if (d[i].className == 'log') {
        flip(d[i]);
      }
    }
  }
}

// -->
</script>

</head>
<body>
<h2 align='center'>Test</h2><table border='1' align="center">
<tr>
<td>Tests passed/Failed/Skipped:</td><td>5/2/0</td>
</tr><tr>
<td>Started on:</td><td>Thu Aug 11 11:51:59 IST 2022</td>
</tr>
<tr><td>Total time:</td><td>107 seconds (107574 ms)</td>
</tr><tr>
<td>Included groups:</td><td></td>
</tr><tr>
<td>Excluded groups:</td><td></td>
</tr>
</table><p/>
<small><i>(Hover the method name to see the test class name)</i></small><p/>
<table width='100%' border='1' class='invocation-failed'>
<tr><td colspan='4' align='center'><b>FAILED TESTS</b></td></tr>
<tr><td><b>Test method</b></td>
<td width="30%"><b>Exception</b></td>
<td width="10%"><b>Time (seconds)</b></td>
<td><b>Instance</b></td>
</tr>
<tr>
<td title='tests.submitforms.testsubmitform()'><b>testsubmitform</b><br>Test class: tests.submitforms<br>Parameters: null, null, null, null, null</td>
<td><div><pre>java.lang.IllegalArgumentException: Keys to send should be a not null CharSequence
	at org.openqa.selenium.remote.RemoteWebElement.sendKeys(RemoteWebElement.java:98)
	at org.openqa.selenium.support.pagefactory.internal.LocatingElementHandler.invoke(LocatingElementHandler.java:52)
	at com.sun.proxy.$Proxy14.sendKeys(Unknown Source)
	at libraries.businesslibraries.submitForm(Unknown Source)
	at tests.submitforms.testsubmitform(Unknown Source)
... Removed 28 stack frames</pre></div><a href='#' onClick='toggleBox("stack-trace2045913001", this, "Click to show all stack frames", "Click to hide stack frames")'>Click to show all stack frames</a>
<div class='stack-trace' id='stack-trace2045913001'><pre>java.lang.IllegalArgumentException: Keys to send should be a not null CharSequence
	at org.openqa.selenium.remote.RemoteWebElement.sendKeys(RemoteWebElement.java:98)
	at sun.reflect.NativeMethodAccessorImpl.invoke0(Native Method)
	at sun.reflect.NativeMethodAccessorImpl.invoke(NativeMethodAccessorImpl.java:62)
	at sun.reflect.DelegatingMethodAccessorImpl.invoke(DelegatingMethodAccessorImpl.java:43)
	at java.lang.reflect.Method.invoke(Method.java:498)
	at org.openqa.selenium.support.pagefactory.internal.LocatingElementHandler.invoke(LocatingElementHandler.java:52)
	at com.sun.proxy.$Proxy14.sendKeys(Unknown Source)
	at libraries.businesslibraries.submitForm(Unknown Source)
	at tests.submitforms.testsubmitform(Unknown Source)
	at sun.reflect.NativeMethodAccessorImpl.invoke0(Native Method)
	at sun.reflect.NativeMethodAccessorImpl.invoke(NativeMethodAccessorImpl.java:62)
	at sun.reflect.DelegatingMethodAccessorImpl.invoke(DelegatingMethodAccessorImpl.java:43)
	at java.lang.reflect.Method.invoke(Method.java:498)
	at org.testng.internal.MethodInvocationHelper.invokeMethod(MethodInvocationHelper.java:124)
	at org.testng.internal.Invoker.invokeMethod(Invoker.java:583)
	at org.testng.internal.Invoker.invokeTestMethod(Invoker.java:719)
	at org.testng.internal.Invoker.invokeTestMethods(Invoker.java:989)
	at org.testng.internal.TestMethodWorker.invokeTestMethods(TestMethodWorker.java:125)
	at org.testng.internal.TestMethodWorker.run(TestMethodWorker.java:109)
	at org.testng.TestRunner.privateRun(TestRunner.java:648)
	at org.testng.TestRunner.run(TestRunner.java:505)
	at org.testng.SuiteRunner.runTest(SuiteRunner.java:455)
	at org.testng.SuiteRunner.runSequentially(SuiteRunner.java:450)
	at org.testng.SuiteRunner.privateRun(SuiteRunner.java:415)
	at org.testng.SuiteRunner.run(SuiteRunner.java:364)
	at org.testng.SuiteRunnerWorker.runSuite(SuiteRunnerWorker.java:52)
	at org.testng.SuiteRunnerWorker.run(SuiteRunnerWorker.java:84)
	at org.testng.TestNG.runSuitesSequentially(TestNG.java:1208)
	at org.testng.TestNG.runSuitesLocally(TestNG.java:1137)
	at org.testng.TestNG.runSuites(TestNG.java:1049)
	at org.testng.TestNG.run(TestNG.java:1017)
	at org.testng.TestNG.privateMain(TestNG.java:1354)
	at org.testng.TestNG.main(TestNG.java:1323)
</pre></div></td>
<td>0</td>
<td>tests.submitforms@221af3c0</td></tr>
<tr>
<td title='tests.Registartion.testsubmitform()'><b>testsubmitform</b><br>Test class: tests.Registartion<br>Parameters: null, null, null, null, null</td>
<td><div><pre>java.lang.IllegalArgumentException: Keys to send should be a not null CharSequence
	at org.openqa.selenium.remote.RemoteWebElement.sendKeys(RemoteWebElement.java:98)
	at org.openqa.selenium.support.pagefactory.internal.LocatingElementHandler.invoke(LocatingElementHandler.java:52)
	at com.sun.proxy.$Proxy14.sendKeys(Unknown Source)
	at libraries.businesslibraries.submitForm(Unknown Source)
	at tests.Registartion.testsubmitform(Unknown Source)
... Removed 27 stack frames</pre></div><a href='#' onClick='toggleBox("stack-trace881977454", this, "Click to show all stack frames", "Click to hide stack frames")'>Click to show all stack frames</a>
<div class='stack-trace' id='stack-trace881977454'><pre>java.lang.IllegalArgumentException: Keys to send should be a not null CharSequence
	at org.openqa.selenium.remote.RemoteWebElement.sendKeys(RemoteWebElement.java:98)
	at sun.reflect.GeneratedMethodAccessor3.invoke(Unknown Source)
	at sun.reflect.DelegatingMethodAccessorImpl.invoke(DelegatingMethodAccessorImpl.java:43)
	at java.lang.reflect.Method.invoke(Method.java:498)
	at org.openqa.selenium.support.pagefactory.internal.LocatingElementHandler.invoke(LocatingElementHandler.java:52)
	at com.sun.proxy.$Proxy14.sendKeys(Unknown Source)
	at libraries.businesslibraries.submitForm(Unknown Source)
	at tests.Registartion.testsubmitform(Unknown Source)
	at sun.reflect.NativeMethodAccessorImpl.invoke0(Native Method)
	at sun.reflect.NativeMethodAccessorImpl.invoke(NativeMethodAccessorImpl.java:62)
	at sun.reflect.DelegatingMethodAccessorImpl.invoke(DelegatingMethodAccessorImpl.java:43)
	at java.lang.reflect.Method.invoke(Method.java:498)
	at org.testng.internal.MethodInvocationHelper.invokeMethod(MethodInvocationHelper.java:124)
	at org.testng.internal.Invoker.invokeMethod(Invoker.java:583)
	at org.testng.internal.Invoker.invokeTestMethod(Invoker.java:719)
	at org.testng.internal.Invoker.invokeTestMethods(Invoker.java:989)
	at org.testng.internal.TestMethodWorker.invokeTestMethods(TestMethodWorker.java:125)
	at org.testng.internal.TestMethodWorker.run(TestMethodWorker.java:109)
	at org.testng.TestRunner.privateRun(TestRunner.java:648)
	at org.testng.TestRunner.run(TestRunner.java:505)
	at org.testng.SuiteRunner.runTest(SuiteRunner.java:455)
	at org.testng.SuiteRunner.runSequentially(SuiteRunner.java:450)
	at org.testng.SuiteRunner.privateRun(SuiteRunner.java:415)
	at org.testng.SuiteRunner.run(SuiteRunner.java:364)
	at org.testng.SuiteRunnerWorker.runSuite(SuiteRunnerWorker.java:52)
	at org.testng.SuiteRunnerWorker.run(SuiteRunnerWorker.java:84)
	at org.testng.TestNG.runSuitesSequentially(TestNG.java:1208)
	at org.testng.TestNG.runSuitesLocally(TestNG.java:1137)
	at org.testng.TestNG.runSuites(TestNG.java:1049)
	at org.testng.TestNG.run(TestNG.java:1017)
	at org.testng.TestNG.privateMain(TestNG.java:1354)
	at org.testng.TestNG.main(TestNG.java:1323)
</pre></div></td>
<td>0</td>
<td>tests.Registartion@23a5fd2</td></tr>
</table><p>
<table width='100%' border='1' class='invocation-passed'>
<tr><td colspan='4' align='center'><b>PASSED TESTS</b></td></tr>
<tr><td><b>Test method</b></td>
<td width="30%"><b>Exception</b></td>
<td width="10%"><b>Time (seconds)</b></td>
<td><b>Instance</b></td>
</tr>
<tr>
<td title='tests.PlaceOrderTest.placeOrderTest()'><b>placeOrderTest</b><br>Test class: tests.PlaceOrderTest</td>
<td></td>
<td>15</td>
<td>tests.PlaceOrderTest@62bd765</td></tr>
<tr>
<td title='tests.submitforms.testsubmitform()'><b>testsubmitform</b><br>Test class: tests.submitforms<br>Parameters: Venkat, venkat@gmail.com, Venkat, Male, 01/08/1988<br/>
<a href="#Output-80026551" onClick='toggleBox("Output-80026551", this, "Show output", "Hide output");'>Show output</a>

<a href="#Output-80026551" onClick="toggleAllBoxes();">Show all outputs</a>
<div class='log' id="Output-80026551">
Enter the Name into the Name Editbox<br/>
Enter the Eamil into the Email Editbox<br/>
Enter the Password into the Password Editbox<br/>
Click on the Checkbox<br/>
Select the gender from the Dropdown is :Male<br/>
Click on the Radio button<br/>
Enter the Date of Birth<br/>
click on submit button<br/>
Alert Message is: ×
Success! The Form has been submitted successfully!.<br/>
<a target="_blank" href="D:\TrainingProjects\SeleniumJavaFrameworkBatch-1\Screenshots\screenshot.png">screenshot</a><br/>
</div>
</td>
<td></td>
<td>20</td>
<td>tests.submitforms@221af3c0</td></tr>
<tr>
<td title='tests.submitforms.testsubmitform()'><b>testsubmitform</b><br>Test class: tests.submitforms<br>Parameters: Karthik, Karthik@gmail.com, Karthik, Male, 01/11/1987<br/>
<a href="#Output-567656864" onClick='toggleBox("Output-567656864", this, "Show output", "Hide output");'>Show output</a>

<a href="#Output-567656864" onClick="toggleAllBoxes();">Show all outputs</a>
<div class='log' id="Output-567656864">
Enter the Name into the Name Editbox<br/>
Enter the Eamil into the Email Editbox<br/>
Enter the Password into the Password Editbox<br/>
Click on the Checkbox<br/>
Select the gender from the Dropdown is :Male<br/>
Click on the Radio button<br/>
Enter the Date of Birth<br/>
click on submit button<br/>
Alert Message is: ×
Success! The Form has been submitted successfully!.<br/>
<a target="_blank" href="D:\TrainingProjects\SeleniumJavaFrameworkBatch-1\Screenshots\screenshot.png">screenshot</a><br/>
</div>
</td>
<td></td>
<td>18</td>
<td>tests.submitforms@221af3c0</td></tr>
<tr>
<td title='tests.Registartion.testsubmitform()'><b>testsubmitform</b><br>Test class: tests.Registartion<br>Parameters: Venkat, venkat@gmail.com, Venkat, Male, 01/08/1988<br/>
<a href="#Output-1968298538" onClick='toggleBox("Output-1968298538", this, "Show output", "Hide output");'>Show output</a>

<a href="#Output-1968298538" onClick="toggleAllBoxes();">Show all outputs</a>
<div class='log' id="Output-1968298538">
Enter the Name into the Name Editbox<br/>
Enter the Eamil into the Email Editbox<br/>
Enter the Password into the Password Editbox<br/>
Click on the Checkbox<br/>
Select the gender from the Dropdown is :Male<br/>
Click on the Radio button<br/>
Enter the Date of Birth<br/>
click on submit button<br/>
Alert Message is: ×
Success! The Form has been submitted successfully!.<br/>
<a target="_blank" href="D:\TrainingProjects\SeleniumJavaFrameworkBatch-1\Screenshots\screenshot.png">screenshot</a><br/>
</div>
</td>
<td></td>
<td>19</td>
<td>tests.Registartion@23a5fd2</td></tr>
<tr>
<td title='tests.Registartion.testsubmitform()'><b>testsubmitform</b><br>Test class: tests.Registartion<br>Parameters: Karthik, Karthik@gmail.com, Karthik, Male, 01/11/1987<br/>
<a href="#Output-2003305136" onClick='toggleBox("Output-2003305136", this, "Show output", "Hide output");'>Show output</a>

<a href="#Output-2003305136" onClick="toggleAllBoxes();">Show all outputs</a>
<div class='log' id="Output-2003305136">
Enter the Name into the Name Editbox<br/>
Enter the Eamil into the Email Editbox<br/>
Enter the Password into the Password Editbox<br/>
Click on the Checkbox<br/>
Select the gender from the Dropdown is :Male<br/>
Click on the Radio button<br/>
Enter the Date of Birth<br/>
click on submit button<br/>
Alert Message is: ×
Success! The Form has been submitted successfully!.<br/>
<a target="_blank" href="D:\TrainingProjects\SeleniumJavaFrameworkBatch-1\Screenshots\screenshot.png">screenshot</a><br/>
</div>
</td>
<td></td>
<td>17</td>
<td>tests.Registartion@23a5fd2</td></tr>
</table><p>
</body>
</html>